<?xml version="1.0" encoding="UTF-8"?>
<!-- Generated by org.testng.reporters.JUnitReportReporter -->
<testsuite hostname="Sumit-PC" name="com.HybridFramework.PortFolioTest.PortFolioTest" tests="4" failures="0" timestamp="17 Aug 2018 19:35:09 GMT" time="192.298" errors="0">
  <testcase name="deletePortfolioTest" time="48.908" classname="com.HybridFramework.PortFolioTest.PortFolioTest"/>
  <testcase name="deletePortfolioTest" time="44.463" classname="com.HybridFramework.PortFolioTest.PortFolioTest"/>
  <testcase name="createPortfolioTest" time="58.410" classname="com.HybridFramework.PortFolioTest.PortFolioTest"/>
  <testcase name="createPortfolioTest" time="40.517" classname="com.HybridFramework.PortFolioTest.PortFolioTest"/>
</testsuite> <!-- com.HybridFramework.PortFolioTest.PortFolioTest -->
