<?xml version="1.0" encoding="UTF-8"?>
<!-- Generated by org.testng.reporters.JUnitReportReporter -->
<testsuite hostname="Sumit-PC" name="com.zoho.project.testcase.LoginTest" tests="1" failures="0" timestamp="19 Jun 2018 18:46:08 GMT" time="0.009" errors="0">
  <testcase name="login" time="0.009" classname="com.zoho.project.testcase.LoginTest"/>
</testsuite> <!-- com.zoho.project.testcase.LoginTest -->
